Analysis & Synthesis report for elevador
Wed Dec 11 17:32:08 2024
Quartus Prime Version 20.1.1 Build 720 11/11/2020 SJ Lite Edition


---------------------
; Table of Contents ;
---------------------
  1. Legal Notice
  2. Analysis & Synthesis Summary
  3. Analysis & Synthesis Settings
  4. Parallel Compilation
  5. Analysis & Synthesis Source Files Read
  6. Analysis & Synthesis Resource Usage Summary
  7. Analysis & Synthesis Resource Utilization by Entity
  8. State Machine - |Main|Pessoas:pessoas|state
  9. State Machine - |Main|Porta:porta|state
 10. State Machine - |Main|Elevador:elevador|state
 11. State Machine - |Main|Andar:andar|state
 12. Registers Removed During Synthesis
 13. General Register Statistics
 14. Multiplexer Restructuring Statistics (Restructuring Performed)
 15. Parameter Settings for User Entity Instance: Andar:andar
 16. Parameter Settings for User Entity Instance: Elevador:elevador
 17. Parameter Settings for User Entity Instance: Porta:porta
 18. Parameter Settings for User Entity Instance: Pessoas:pessoas
 19. Port Connectivity Checks: "Andar:andar"
 20. Analysis & Synthesis Messages



----------------
; Legal Notice ;
----------------
Copyright (C) 2020  Intel Corporation. All rights reserved.
Your use of Intel Corporation's design tools, logic functions 
and other software and tools, and any partner logic 
functions, and any output files from any of the foregoing 
(including device programming or simulation files), and any 
associated documentation or information are expressly subject 
to the terms and conditions of the Intel Program License 
Subscription Agreement, the Intel Quartus Prime License Agreement,
the Intel FPGA IP License Agreement, or other applicable license
agreement, including, without limitation, that your use is for
the sole purpose of programming logic devices manufactured by
Intel and sold by Intel or its authorized distributors.  Please
refer to the applicable agreement for further details, at
https://fpgasoftware.intel.com/eula.



+---------------------------------------------------------------------------+
; Analysis & Synthesis Summary                                              ;
+-----------------------------+---------------------------------------------+
; Analysis & Synthesis Status ; Successful - Wed Dec 11 17:32:08 2024       ;
; Quartus Prime Version       ; 20.1.1 Build 720 11/11/2020 SJ Lite Edition ;
; Revision Name               ; elevador                                    ;
; Top-level Entity Name       ; Main                                        ;
; Family                      ; MAX II                                      ;
; Total logic elements        ; 113                                         ;
; Total pins                  ; 30                                          ;
; Total virtual pins          ; 0                                           ;
; UFM blocks                  ; 0 / 1 ( 0 % )                               ;
+-----------------------------+---------------------------------------------+


+------------------------------------------------------------------------------------------------------------+
; Analysis & Synthesis Settings                                                                              ;
+------------------------------------------------------------------+--------------------+--------------------+
; Option                                                           ; Setting            ; Default Value      ;
+------------------------------------------------------------------+--------------------+--------------------+
; Device                                                           ; EPM240T100C5       ;                    ;
; Top-level entity name                                            ; Main               ; elevador           ;
; Family name                                                      ; MAX II             ; Cyclone V          ;
; Use smart compilation                                            ; Off                ; Off                ;
; Enable parallel Assembler and Timing Analyzer during compilation ; On                 ; On                 ;
; Enable compact report table                                      ; Off                ; Off                ;
; Restructure Multiplexers                                         ; Auto               ; Auto               ;
; Create Debugging Nodes for IP Cores                              ; Off                ; Off                ;
; Preserve fewer node names                                        ; On                 ; On                 ;
; Intel FPGA IP Evaluation Mode                                    ; Enable             ; Enable             ;
; Verilog Version                                                  ; Verilog_2001       ; Verilog_2001       ;
; VHDL Version                                                     ; VHDL_1993          ; VHDL_1993          ;
; State Machine Processing                                         ; Auto               ; Auto               ;
; Safe State Machine                                               ; Off                ; Off                ;
; Extract Verilog State Machines                                   ; On                 ; On                 ;
; Extract VHDL State Machines                                      ; On                 ; On                 ;
; Ignore Verilog initial constructs                                ; Off                ; Off                ;
; Iteration limit for constant Verilog loops                       ; 5000               ; 5000               ;
; Iteration limit for non-constant Verilog loops                   ; 250                ; 250                ;
; Add Pass-Through Logic to Inferred RAMs                          ; On                 ; On                 ;
; Infer RAMs from Raw Logic                                        ; On                 ; On                 ;
; Parallel Synthesis                                               ; On                 ; On                 ;
; NOT Gate Push-Back                                               ; On                 ; On                 ;
; Power-Up Don't Care                                              ; On                 ; On                 ;
; Remove Redundant Logic Cells                                     ; Off                ; Off                ;
; Remove Duplicate Registers                                       ; On                 ; On                 ;
; Ignore CARRY Buffers                                             ; Off                ; Off                ;
; Ignore CASCADE Buffers                                           ; Off                ; Off                ;
; Ignore GLOBAL Buffers                                            ; Off                ; Off                ;
; Ignore ROW GLOBAL Buffers                                        ; Off                ; Off                ;
; Ignore LCELL Buffers                                             ; Off                ; Off                ;
; Ignore SOFT Buffers                                              ; On                 ; On                 ;
; Limit AHDL Integers to 32 Bits                                   ; Off                ; Off                ;
; Optimization Technique                                           ; Balanced           ; Balanced           ;
; Carry Chain Length                                               ; 70                 ; 70                 ;
; Auto Carry Chains                                                ; On                 ; On                 ;
; Auto Open-Drain Pins                                             ; On                 ; On                 ;
; Perform WYSIWYG Primitive Resynthesis                            ; Off                ; Off                ;
; Auto Shift Register Replacement                                  ; Auto               ; Auto               ;
; Allow Shift Register Merging across Hierarchies                  ; Auto               ; Auto               ;
; Auto Clock Enable Replacement                                    ; On                 ; On                 ;
; Allow Synchronous Control Signals                                ; On                 ; On                 ;
; Force Use of Synchronous Clear Signals                           ; Off                ; Off                ;
; Auto Resource Sharing                                            ; Off                ; Off                ;
; Use LogicLock Constraints during Resource Balancing              ; On                 ; On                 ;
; Ignore translate_off and synthesis_off directives                ; Off                ; Off                ;
; Report Parameter Settings                                        ; On                 ; On                 ;
; Report Source Assignments                                        ; On                 ; On                 ;
; Report Connectivity Checks                                       ; On                 ; On                 ;
; Ignore Maximum Fan-Out Assignments                               ; Off                ; Off                ;
; Synchronization Register Chain Length                            ; 2                  ; 2                  ;
; Power Optimization During Synthesis                              ; Normal compilation ; Normal compilation ;
; HDL message level                                                ; Level2             ; Level2             ;
; Suppress Register Optimization Related Messages                  ; Off                ; Off                ;
; Number of Removed Registers Reported in Synthesis Report         ; 5000               ; 5000               ;
; Number of Swept Nodes Reported in Synthesis Report               ; 5000               ; 5000               ;
; Number of Inverted Registers Reported in Synthesis Report        ; 100                ; 100                ;
; Clock MUX Protection                                             ; On                 ; On                 ;
; Block Design Naming                                              ; Auto               ; Auto               ;
; Synthesis Effort                                                 ; Auto               ; Auto               ;
; Shift Register Replacement - Allow Asynchronous Clear Signal     ; On                 ; On                 ;
; Analysis & Synthesis Message Level                               ; Medium             ; Medium             ;
; Disable Register Merging Across Hierarchies                      ; Auto               ; Auto               ;
+------------------------------------------------------------------+--------------------+--------------------+


+------------------------------------------+
; Parallel Compilation                     ;
+----------------------------+-------------+
; Processors                 ; Number      ;
+----------------------------+-------------+
; Number detected on machine ; 6           ;
; Maximum allowed            ; 6           ;
;                            ;             ;
; Average used               ; 1.00        ;
; Maximum used               ; 1           ;
;                            ;             ;
; Usage by Processor         ; % Time Used ;
;     Processor 1            ; 100.0%      ;
+----------------------------+-------------+


+-------------------------------------------------------------------------------------------------------------------------------------------------------------------------------------------------------------+
; Analysis & Synthesis Source Files Read                                                                                                                                                                      ;
+----------------------------------+-----------------+------------------------+---------------------------------------------------------------------------------------------------------------------+---------+
; File Name with User-Entered Path ; Used in Netlist ; File Type              ; File Name with Absolute Path                                                                                        ; Library ;
+----------------------------------+-----------------+------------------------+---------------------------------------------------------------------------------------------------------------------+---------+
; Pessoas.v                        ; yes             ; User Verilog HDL File  ; /home/aluno/Documentos/PBLSena/drive-download-20241211T191251Z-001/PBL3 - Tentativa Led Porta/PBL3/Pessoas.v        ;         ;
; Main.v                           ; yes             ; User Verilog HDL File  ; /home/aluno/Documentos/PBLSena/drive-download-20241211T191251Z-001/PBL3 - Tentativa Led Porta/PBL3/Main.v           ;         ;
; DivisorClock.v                   ; yes             ; User Verilog HDL File  ; /home/aluno/Documentos/PBLSena/drive-download-20241211T191251Z-001/PBL3 - Tentativa Led Porta/PBL3/DivisorClock.v   ;         ;
; DecNumPessoas.v                  ; yes             ; User Verilog HDL File  ; /home/aluno/Documentos/PBLSena/drive-download-20241211T191251Z-001/PBL3 - Tentativa Led Porta/PBL3/DecNumPessoas.v  ;         ;
; DecNumAndares.v                  ; yes             ; User Verilog HDL File  ; /home/aluno/Documentos/PBLSena/drive-download-20241211T191251Z-001/PBL3 - Tentativa Led Porta/PBL3/DecNumAndares.v  ;         ;
; Multiplex_disp.v                 ; yes             ; User Verilog HDL File  ; /home/aluno/Documentos/PBLSena/drive-download-20241211T191251Z-001/PBL3 - Tentativa Led Porta/PBL3/Multiplex_disp.v ;         ;
; DecSeletor.v                     ; yes             ; User Verilog HDL File  ; /home/aluno/Documentos/PBLSena/drive-download-20241211T191251Z-001/PBL3 - Tentativa Led Porta/PBL3/DecSeletor.v     ;         ;
; DivisorClock1.v                  ; yes             ; User Verilog HDL File  ; /home/aluno/Documentos/PBLSena/drive-download-20241211T191251Z-001/PBL3 - Tentativa Led Porta/PBL3/DivisorClock1.v  ;         ;
; Andar.v                          ; yes             ; User Verilog HDL File  ; /home/aluno/Documentos/PBLSena/drive-download-20241211T191251Z-001/PBL3 - Tentativa Led Porta/PBL3/Andar.v          ;         ;
; Porta.v                          ; yes             ; User Verilog HDL File  ; /home/aluno/Documentos/PBLSena/drive-download-20241211T191251Z-001/PBL3 - Tentativa Led Porta/PBL3/Porta.v          ;         ;
; Chamada.v                        ; yes             ; User Verilog HDL File  ; /home/aluno/Documentos/PBLSena/drive-download-20241211T191251Z-001/PBL3 - Tentativa Led Porta/PBL3/Chamada.v        ;         ;
; Elevador.v                       ; yes             ; User Verilog HDL File  ; /home/aluno/Documentos/PBLSena/drive-download-20241211T191251Z-001/PBL3 - Tentativa Led Porta/PBL3/Elevador.v       ;         ;
+----------------------------------+-----------------+------------------------+---------------------------------------------------------------------------------------------------------------------+---------+


+-----------------------------------------------------+
; Analysis & Synthesis Resource Usage Summary         ;
+---------------------------------------------+-------+
; Resource                                    ; Usage ;
+---------------------------------------------+-------+
; Total logic elements                        ; 113   ;
;     -- Combinational with no register       ; 56    ;
;     -- Register only                        ; 0     ;
;     -- Combinational with a register        ; 57    ;
;                                             ;       ;
; Logic element usage by number of LUT inputs ;       ;
;     -- 4 input functions                    ; 47    ;
;     -- 3 input functions                    ; 17    ;
;     -- 2 input functions                    ; 47    ;
;     -- 1 input functions                    ; 2     ;
;     -- 0 input functions                    ; 0     ;
;                                             ;       ;
; Logic elements by mode                      ;       ;
;     -- normal mode                          ; 78    ;
;     -- arithmetic mode                      ; 35    ;
;     -- qfbk mode                            ; 0     ;
;     -- register cascade mode                ; 0     ;
;     -- synchronous clear/load mode          ; 37    ;
;     -- asynchronous clear/load mode         ; 18    ;
;                                             ;       ;
; Total registers                             ; 57    ;
; Total logic cells in carry chains           ; 37    ;
; I/O pins                                    ; 30    ;
; Maximum fan-out node                        ; clk   ;
; Maximum fan-out                             ; 39    ;
; Total fan-out                               ; 464   ;
; Average fan-out                             ; 3.24  ;
+---------------------------------------------+-------+


+-------------------------------------------------------------------------------------------------------------------------------------------------------------------------------------------------------------------------------------------------------+
; Analysis & Synthesis Resource Utilization by Entity                                                                                                                                                                                                   ;
+--------------------------------+-------------+--------------+------------+------+--------------+--------------+-------------------+------------------+-----------------+------------+---------------------------------+----------------+--------------+
; Compilation Hierarchy Node     ; Logic Cells ; LC Registers ; UFM Blocks ; Pins ; Virtual Pins ; LUT-Only LCs ; Register-Only LCs ; LUT/Register LCs ; Carry Chain LCs ; Packed LCs ; Full Hierarchy Name             ; Entity Name    ; Library Name ;
+--------------------------------+-------------+--------------+------------+------+--------------+--------------+-------------------+------------------+-----------------+------------+---------------------------------+----------------+--------------+
; |Main                          ; 113 (0)     ; 57           ; 0          ; 30   ; 0            ; 56 (0)       ; 0 (0)             ; 57 (0)           ; 37 (0)          ; 0 (0)      ; |Main                           ; Main           ; work         ;
;    |Andar:andar|               ; 13 (13)     ; 3            ; 0          ; 0    ; 0            ; 10 (10)      ; 0 (0)             ; 3 (3)            ; 0 (0)           ; 0 (0)      ; |Main|Andar:andar               ; Andar          ; work         ;
;    |Chamada:chamada|           ; 1 (1)       ; 0            ; 0          ; 0    ; 0            ; 1 (1)        ; 0 (0)             ; 0 (0)            ; 0 (0)           ; 0 (0)      ; |Main|Chamada:chamada           ; Chamada        ; work         ;
;    |DivisorClock1:fazmux|      ; 17 (17)     ; 13           ; 0          ; 0    ; 0            ; 4 (4)        ; 0 (0)             ; 13 (13)          ; 12 (12)         ; 0 (0)      ; |Main|DivisorClock1:fazmux      ; DivisorClock1  ; work         ;
;    |DivisorClock:divisor1s|    ; 33 (33)     ; 26           ; 0          ; 0    ; 0            ; 7 (7)        ; 0 (0)             ; 26 (26)          ; 25 (25)         ; 0 (0)      ; |Main|DivisorClock:divisor1s    ; DivisorClock   ; work         ;
;    |Elevador:elevador|         ; 9 (9)       ; 3            ; 0          ; 0    ; 0            ; 6 (6)        ; 0 (0)             ; 3 (3)            ; 0 (0)           ; 0 (0)      ; |Main|Elevador:elevador         ; Elevador       ; work         ;
;    |Multiplex_disp:multiplexe| ; 13 (13)     ; 0            ; 0          ; 0    ; 0            ; 13 (13)      ; 0 (0)             ; 0 (0)            ; 0 (0)           ; 0 (0)      ; |Main|Multiplex_disp:multiplexe ; Multiplex_disp ; work         ;
;    |Pessoas:pessoas|           ; 20 (20)     ; 8            ; 0          ; 0    ; 0            ; 12 (12)      ; 0 (0)             ; 8 (8)            ; 0 (0)           ; 0 (0)      ; |Main|Pessoas:pessoas           ; Pessoas        ; work         ;
;    |Porta:porta|               ; 7 (7)       ; 4            ; 0          ; 0    ; 0            ; 3 (3)        ; 0 (0)             ; 4 (4)            ; 0 (0)           ; 0 (0)      ; |Main|Porta:porta               ; Porta          ; work         ;
+--------------------------------+-------------+--------------+------------+------+--------------+--------------+-------------------+------------------+-----------------+------------+---------------------------------+----------------+--------------+
Note: For table entries with two numbers listed, the numbers in parentheses indicate the number of resources of the given type used by the specific entity alone. The numbers listed outside of parentheses indicate the total resources of the given type used by the specific entity and all of its sub-entities in the hierarchy.


Encoding Type:  One-Hot
+--------------------------------------------------------------------------------------------------+
; State Machine - |Main|Pessoas:pessoas|state                                                      ;
+----------+----------+----------+----------+----------+----------+----------+----------+----------+
; Name     ; state.S7 ; state.S6 ; state.S5 ; state.S4 ; state.S3 ; state.S2 ; state.S1 ; state.S0 ;
+----------+----------+----------+----------+----------+----------+----------+----------+----------+
; state.S0 ; 0        ; 0        ; 0        ; 0        ; 0        ; 0        ; 0        ; 0        ;
; state.S1 ; 0        ; 0        ; 0        ; 0        ; 0        ; 0        ; 1        ; 1        ;
; state.S2 ; 0        ; 0        ; 0        ; 0        ; 0        ; 1        ; 0        ; 1        ;
; state.S3 ; 0        ; 0        ; 0        ; 0        ; 1        ; 0        ; 0        ; 1        ;
; state.S4 ; 0        ; 0        ; 0        ; 1        ; 0        ; 0        ; 0        ; 1        ;
; state.S5 ; 0        ; 0        ; 1        ; 0        ; 0        ; 0        ; 0        ; 1        ;
; state.S6 ; 0        ; 1        ; 0        ; 0        ; 0        ; 0        ; 0        ; 1        ;
; state.S7 ; 1        ; 0        ; 0        ; 0        ; 0        ; 0        ; 0        ; 1        ;
+----------+----------+----------+----------+----------+----------+----------+----------+----------+


Encoding Type:  One-Hot
+------------------------------------------------------+
; State Machine - |Main|Porta:porta|state              ;
+----------+----------+----------+----------+----------+
; Name     ; state.S3 ; state.S2 ; state.S1 ; state.S0 ;
+----------+----------+----------+----------+----------+
; state.S0 ; 0        ; 0        ; 0        ; 0        ;
; state.S1 ; 0        ; 0        ; 1        ; 1        ;
; state.S2 ; 0        ; 1        ; 0        ; 1        ;
; state.S3 ; 1        ; 0        ; 0        ; 1        ;
+----------+----------+----------+----------+----------+


Encoding Type:  One-Hot
+-----------------------------------------------+
; State Machine - |Main|Elevador:elevador|state ;
+----------+----------+----------+--------------+
; Name     ; state.S0 ; state.S2 ; state.S1     ;
+----------+----------+----------+--------------+
; state.S0 ; 0        ; 0        ; 0            ;
; state.S1 ; 1        ; 0        ; 1            ;
; state.S2 ; 1        ; 1        ; 0            ;
+----------+----------+----------+--------------+


Encoding Type:  One-Hot
+-------------------------------------------+
; State Machine - |Main|Andar:andar|state   ;
+----------+----------+----------+----------+
; Name     ; state.S0 ; state.S2 ; state.S1 ;
+----------+----------+----------+----------+
; state.S0 ; 0        ; 0        ; 0        ;
; state.S1 ; 1        ; 0        ; 1        ;
; state.S2 ; 1        ; 1        ; 0        ;
+----------+----------+----------+----------+


+------------------------------------------------------------+
; Registers Removed During Synthesis                         ;
+---------------------------------------+--------------------+
; Register name                         ; Reason for Removal ;
+---------------------------------------+--------------------+
; Pessoas:pessoas|state~4               ; Lost fanout        ;
; Pessoas:pessoas|state~5               ; Lost fanout        ;
; Pessoas:pessoas|state~6               ; Lost fanout        ;
; Porta:porta|state~4                   ; Lost fanout        ;
; Porta:porta|state~5                   ; Lost fanout        ;
; Total Number of Removed Registers = 5 ;                    ;
+---------------------------------------+--------------------+


+------------------------------------------------------+
; General Register Statistics                          ;
+----------------------------------------------+-------+
; Statistic                                    ; Value ;
+----------------------------------------------+-------+
; Total registers                              ; 57    ;
; Number of registers using Synchronous Clear  ; 37    ;
; Number of registers using Synchronous Load   ; 0     ;
; Number of registers using Asynchronous Clear ; 18    ;
; Number of registers using Asynchronous Load  ; 0     ;
; Number of registers using Clock Enable       ; 0     ;
; Number of registers using Preset             ; 0     ;
+----------------------------------------------+-------+


+-------------------------------------------------------------------------------------------------------------------------------------------------------+
; Multiplexer Restructuring Statistics (Restructuring Performed)                                                                                        ;
+--------------------+-----------+---------------+----------------------+------------------------+------------+-----------------------------------------+
; Multiplexer Inputs ; Bus Width ; Baseline Area ; Area if Restructured ; Saving if Restructured ; Registered ; Example Multiplexer Output              ;
+--------------------+-----------+---------------+----------------------+------------------------+------------+-----------------------------------------+
; 9:1                ; 2 bits    ; 12 LEs        ; 10 LEs               ; 2 LEs                  ; No         ; |Main|Multiplex_disp:multiplexe|disp[3] ;
+--------------------+-----------+---------------+----------------------+------------------------+------------+-----------------------------------------+


+----------------------------------------------------------+
; Parameter Settings for User Entity Instance: Andar:andar ;
+----------------+-------+---------------------------------+
; Parameter Name ; Value ; Type                            ;
+----------------+-------+---------------------------------+
; S0             ; 00    ; Unsigned Binary                 ;
; S1             ; 01    ; Unsigned Binary                 ;
; S2             ; 10    ; Unsigned Binary                 ;
+----------------+-------+---------------------------------+
Note: In order to hide this table in the UI and the text report file, please set the "Show Parameter Settings in Synthesis Report" option in "Analysis and Synthesis Settings -> More Settings" to "Off".


+----------------------------------------------------------------+
; Parameter Settings for User Entity Instance: Elevador:elevador ;
+----------------+-------+---------------------------------------+
; Parameter Name ; Value ; Type                                  ;
+----------------+-------+---------------------------------------+
; S0             ; 00    ; Unsigned Binary                       ;
; S1             ; 01    ; Unsigned Binary                       ;
; S2             ; 10    ; Unsigned Binary                       ;
+----------------+-------+---------------------------------------+
Note: In order to hide this table in the UI and the text report file, please set the "Show Parameter Settings in Synthesis Report" option in "Analysis and Synthesis Settings -> More Settings" to "Off".


+----------------------------------------------------------+
; Parameter Settings for User Entity Instance: Porta:porta ;
+----------------+-------+---------------------------------+
; Parameter Name ; Value ; Type                            ;
+----------------+-------+---------------------------------+
; S0             ; 00    ; Unsigned Binary                 ;
; S1             ; 01    ; Unsigned Binary                 ;
; S2             ; 10    ; Unsigned Binary                 ;
; S3             ; 11    ; Unsigned Binary                 ;
+----------------+-------+---------------------------------+
Note: In order to hide this table in the UI and the text report file, please set the "Show Parameter Settings in Synthesis Report" option in "Analysis and Synthesis Settings -> More Settings" to "Off".


+--------------------------------------------------------------+
; Parameter Settings for User Entity Instance: Pessoas:pessoas ;
+----------------+-------+-------------------------------------+
; Parameter Name ; Value ; Type                                ;
+----------------+-------+-------------------------------------+
; S0             ; 000   ; Unsigned Binary                     ;
; S1             ; 001   ; Unsigned Binary                     ;
; S2             ; 010   ; Unsigned Binary                     ;
; S3             ; 011   ; Unsigned Binary                     ;
; S4             ; 100   ; Unsigned Binary                     ;
; S5             ; 101   ; Unsigned Binary                     ;
; S6             ; 110   ; Unsigned Binary                     ;
; S7             ; 111   ; Unsigned Binary                     ;
+----------------+-------+-------------------------------------+
Note: In order to hide this table in the UI and the text report file, please set the "Show Parameter Settings in Synthesis Report" option in "Analysis and Synthesis Settings -> More Settings" to "Off".


+---------------------------------------------------------------------------------------------------------------------------------------------------------------------------------------------------------------+
; Port Connectivity Checks: "Andar:andar"                                                                                                                                                                       ;
+-------+-------+----------+------------------------------------------------------------------------------------------------------------------------------------------------------------------------------------+
; Port  ; Type  ; Severity ; Details                                                                                                                                                                            ;
+-------+-------+----------+------------------------------------------------------------------------------------------------------------------------------------------------------------------------------------+
; P     ; Input ; Warning  ; Input port expression (32 bits) is wider than the input port (1 bits) it drives.  The 31 most-significant bit(s) in the expression will be dangling if they have no other fanouts. ;
; P[-1] ; Input ; Info     ; Stuck at GND                                                                                                                                                                       ;
+-------+-------+----------+------------------------------------------------------------------------------------------------------------------------------------------------------------------------------------+


+-------------------------------+
; Analysis & Synthesis Messages ;
+-------------------------------+
Info: *******************************************************************
Info: Running Quartus Prime Analysis & Synthesis
    Info: Version 20.1.1 Build 720 11/11/2020 SJ Lite Edition
    Info: Processing started: Wed Dec 11 17:32:02 2024
Info: Command: quartus_map --read_settings_files=on --write_settings_files=off elevador -c elevador
Warning (18236): Number of processors has not been specified which may cause overloading on shared machines.  Set the global assignment NUM_PARALLEL_PROCESSORS in your QSF to an appropriate value for best performance.
Info (20030): Parallel compilation is enabled and will use 6 of the 6 processors detected
Info (12021): Found 1 design units, including 1 entities, in source file Pessoas.v
    Info (12023): Found entity 1: Pessoas File: /home/aluno/Documentos/PBLSena/drive-download-20241211T191251Z-001/PBL3 - Tentativa Led Porta/PBL3/Pessoas.v Line: 1
Info (12021): Found 1 design units, including 1 entities, in source file Main.v
    Info (12023): Found entity 1: Main File: /home/aluno/Documentos/PBLSena/drive-download-20241211T191251Z-001/PBL3 - Tentativa Led Porta/PBL3/Main.v Line: 1
Info (12021): Found 1 design units, including 1 entities, in source file DivisorClock.v
    Info (12023): Found entity 1: DivisorClock File: /home/aluno/Documentos/PBLSena/drive-download-20241211T191251Z-001/PBL3 - Tentativa Led Porta/PBL3/DivisorClock.v Line: 1
Info (12021): Found 1 design units, including 1 entities, in source file DecNumPessoas.v
    Info (12023): Found entity 1: DecNumPessoas File: /home/aluno/Documentos/PBLSena/drive-download-20241211T191251Z-001/PBL3 - Tentativa Led Porta/PBL3/DecNumPessoas.v Line: 1
Info (12021): Found 1 design units, including 1 entities, in source file DecNumAndares.v
    Info (12023): Found entity 1: DecNumAndares File: /home/aluno/Documentos/PBLSena/drive-download-20241211T191251Z-001/PBL3 - Tentativa Led Porta/PBL3/DecNumAndares.v Line: 1
Info (12021): Found 1 design units, including 1 entities, in source file Multiplex_disp.v
    Info (12023): Found entity 1: Multiplex_disp File: /home/aluno/Documentos/PBLSena/drive-download-20241211T191251Z-001/PBL3 - Tentativa Led Porta/PBL3/Multiplex_disp.v Line: 1
Info (12021): Found 1 design units, including 1 entities, in source file DecSeletor.v
    Info (12023): Found entity 1: DecSeletor File: /home/aluno/Documentos/PBLSena/drive-download-20241211T191251Z-001/PBL3 - Tentativa Led Porta/PBL3/DecSeletor.v Line: 1
Info (12021): Found 1 design units, including 1 entities, in source file DivisorClock1.v
    Info (12023): Found entity 1: DivisorClock1 File: /home/aluno/Documentos/PBLSena/drive-download-20241211T191251Z-001/PBL3 - Tentativa Led Porta/PBL3/DivisorClock1.v Line: 1
Info (12021): Found 1 design units, including 1 entities, in source file Andar.v
    Info (12023): Found entity 1: Andar File: /home/aluno/Documentos/PBLSena/drive-download-20241211T191251Z-001/PBL3 - Tentativa Led Porta/PBL3/Andar.v Line: 1
Info (12021): Found 1 design units, including 1 entities, in source file Porta.v
    Info (12023): Found entity 1: Porta File: /home/aluno/Documentos/PBLSena/drive-download-20241211T191251Z-001/PBL3 - Tentativa Led Porta/PBL3/Porta.v Line: 5
Info (12021): Found 1 design units, including 1 entities, in source file Chamada.v
    Info (12023): Found entity 1: Chamada File: /home/aluno/Documentos/PBLSena/drive-download-20241211T191251Z-001/PBL3 - Tentativa Led Porta/PBL3/Chamada.v Line: 5
Info (12021): Found 1 design units, including 1 entities, in source file Elevador.v
    Info (12023): Found entity 1: Elevador File: /home/aluno/Documentos/PBLSena/drive-download-20241211T191251Z-001/PBL3 - Tentativa Led Porta/PBL3/Elevador.v Line: 7
Warning (10236): Verilog HDL Implicit Net warning at Pessoas.v(12): created implicit net for "negB1" File: /home/aluno/Documentos/PBLSena/drive-download-20241211T191251Z-001/PBL3 - Tentativa Led Porta/PBL3/Pessoas.v Line: 12
Warning (10236): Verilog HDL Implicit Net warning at Pessoas.v(13): created implicit net for "negB2" File: /home/aluno/Documentos/PBLSena/drive-download-20241211T191251Z-001/PBL3 - Tentativa Led Porta/PBL3/Pessoas.v Line: 13
Warning (10236): Verilog HDL Implicit Net warning at Pessoas.v(14): created implicit net for "nreset" File: /home/aluno/Documentos/PBLSena/drive-download-20241211T191251Z-001/PBL3 - Tentativa Led Porta/PBL3/Pessoas.v Line: 14
Warning (10236): Verilog HDL Implicit Net warning at Pessoas.v(15): created implicit net for "nP" File: /home/aluno/Documentos/PBLSena/drive-download-20241211T191251Z-001/PBL3 - Tentativa Led Porta/PBL3/Pessoas.v Line: 15
Warning (10236): Verilog HDL Implicit Net warning at Main.v(19): created implicit net for "clkot0" File: /home/aluno/Documentos/PBLSena/drive-download-20241211T191251Z-001/PBL3 - Tentativa Led Porta/PBL3/Main.v Line: 19
Warning (10236): Verilog HDL Implicit Net warning at Main.v(21): created implicit net for "clkot1" File: /home/aluno/Documentos/PBLSena/drive-download-20241211T191251Z-001/PBL3 - Tentativa Led Porta/PBL3/Main.v Line: 21
Warning (10236): Verilog HDL Implicit Net warning at Main.v(30): created implicit net for "BIT0" File: /home/aluno/Documentos/PBLSena/drive-download-20241211T191251Z-001/PBL3 - Tentativa Led Porta/PBL3/Main.v Line: 30
Warning (10236): Verilog HDL Implicit Net warning at Main.v(31): created implicit net for "BIT1" File: /home/aluno/Documentos/PBLSena/drive-download-20241211T191251Z-001/PBL3 - Tentativa Led Porta/PBL3/Main.v Line: 31
Warning (10236): Verilog HDL Implicit Net warning at DecNumPessoas.v(7): created implicit net for "nC" File: /home/aluno/Documentos/PBLSena/drive-download-20241211T191251Z-001/PBL3 - Tentativa Led Porta/PBL3/DecNumPessoas.v Line: 7
Warning (10236): Verilog HDL Implicit Net warning at DecNumPessoas.v(8): created implicit net for "nB" File: /home/aluno/Documentos/PBLSena/drive-download-20241211T191251Z-001/PBL3 - Tentativa Led Porta/PBL3/DecNumPessoas.v Line: 8
Warning (10236): Verilog HDL Implicit Net warning at DecNumPessoas.v(9): created implicit net for "nA" File: /home/aluno/Documentos/PBLSena/drive-download-20241211T191251Z-001/PBL3 - Tentativa Led Porta/PBL3/DecNumPessoas.v Line: 9
Warning (10236): Verilog HDL Implicit Net warning at DecNumPessoas.v(11): created implicit net for "anda0" File: /home/aluno/Documentos/PBLSena/drive-download-20241211T191251Z-001/PBL3 - Tentativa Led Porta/PBL3/DecNumPessoas.v Line: 11
Warning (10236): Verilog HDL Implicit Net warning at DecNumPessoas.v(12): created implicit net for "anda1" File: /home/aluno/Documentos/PBLSena/drive-download-20241211T191251Z-001/PBL3 - Tentativa Led Porta/PBL3/DecNumPessoas.v Line: 12
Warning (10236): Verilog HDL Implicit Net warning at DecNumPessoas.v(15): created implicit net for "andb0" File: /home/aluno/Documentos/PBLSena/drive-download-20241211T191251Z-001/PBL3 - Tentativa Led Porta/PBL3/DecNumPessoas.v Line: 15
Warning (10236): Verilog HDL Implicit Net warning at DecNumPessoas.v(16): created implicit net for "andb1" File: /home/aluno/Documentos/PBLSena/drive-download-20241211T191251Z-001/PBL3 - Tentativa Led Porta/PBL3/DecNumPessoas.v Line: 16
Warning (10236): Verilog HDL Implicit Net warning at DecNumPessoas.v(21): created implicit net for "andd0" File: /home/aluno/Documentos/PBLSena/drive-download-20241211T191251Z-001/PBL3 - Tentativa Led Porta/PBL3/DecNumPessoas.v Line: 21
Warning (10236): Verilog HDL Implicit Net warning at DecNumPessoas.v(22): created implicit net for "andd1" File: /home/aluno/Documentos/PBLSena/drive-download-20241211T191251Z-001/PBL3 - Tentativa Led Porta/PBL3/DecNumPessoas.v Line: 22
Warning (10236): Verilog HDL Implicit Net warning at DecNumPessoas.v(23): created implicit net for "andd2" File: /home/aluno/Documentos/PBLSena/drive-download-20241211T191251Z-001/PBL3 - Tentativa Led Porta/PBL3/DecNumPessoas.v Line: 23
Warning (10236): Verilog HDL Implicit Net warning at DecNumPessoas.v(26): created implicit net for "ande0" File: /home/aluno/Documentos/PBLSena/drive-download-20241211T191251Z-001/PBL3 - Tentativa Led Porta/PBL3/DecNumPessoas.v Line: 26
Warning (10236): Verilog HDL Implicit Net warning at DecNumPessoas.v(29): created implicit net for "andf0" File: /home/aluno/Documentos/PBLSena/drive-download-20241211T191251Z-001/PBL3 - Tentativa Led Porta/PBL3/DecNumPessoas.v Line: 29
Warning (10236): Verilog HDL Implicit Net warning at DecNumPessoas.v(30): created implicit net for "andf1" File: /home/aluno/Documentos/PBLSena/drive-download-20241211T191251Z-001/PBL3 - Tentativa Led Porta/PBL3/DecNumPessoas.v Line: 30
Warning (10236): Verilog HDL Implicit Net warning at DecNumPessoas.v(31): created implicit net for "andf2" File: /home/aluno/Documentos/PBLSena/drive-download-20241211T191251Z-001/PBL3 - Tentativa Led Porta/PBL3/DecNumPessoas.v Line: 31
Warning (10236): Verilog HDL Implicit Net warning at DecNumPessoas.v(34): created implicit net for "andg0" File: /home/aluno/Documentos/PBLSena/drive-download-20241211T191251Z-001/PBL3 - Tentativa Led Porta/PBL3/DecNumPessoas.v Line: 34
Warning (10236): Verilog HDL Implicit Net warning at DecNumPessoas.v(35): created implicit net for "andg1" File: /home/aluno/Documentos/PBLSena/drive-download-20241211T191251Z-001/PBL3 - Tentativa Led Porta/PBL3/DecNumPessoas.v Line: 35
Warning (10236): Verilog HDL Implicit Net warning at Multiplex_disp.v(5): created implicit net for "neg_clk" File: /home/aluno/Documentos/PBLSena/drive-download-20241211T191251Z-001/PBL3 - Tentativa Led Porta/PBL3/Multiplex_disp.v Line: 5
Warning (10236): Verilog HDL Implicit Net warning at Andar.v(15): created implicit net for "nreset" File: /home/aluno/Documentos/PBLSena/drive-download-20241211T191251Z-001/PBL3 - Tentativa Led Porta/PBL3/Andar.v Line: 15
Warning (10236): Verilog HDL Implicit Net warning at Porta.v(22): created implicit net for "nreset" File: /home/aluno/Documentos/PBLSena/drive-download-20241211T191251Z-001/PBL3 - Tentativa Led Porta/PBL3/Porta.v Line: 22
Warning (10236): Verilog HDL Implicit Net warning at Elevador.v(23): created implicit net for "nreset" File: /home/aluno/Documentos/PBLSena/drive-download-20241211T191251Z-001/PBL3 - Tentativa Led Porta/PBL3/Elevador.v Line: 23
Info (12127): Elaborating entity "Main" for the top level hierarchy
Warning (10036): Verilog HDL or VHDL warning at Main.v(30): object "BIT0" assigned a value but never read File: /home/aluno/Documentos/PBLSena/drive-download-20241211T191251Z-001/PBL3 - Tentativa Led Porta/PBL3/Main.v Line: 30
Warning (10036): Verilog HDL or VHDL warning at Main.v(31): object "BIT1" assigned a value but never read File: /home/aluno/Documentos/PBLSena/drive-download-20241211T191251Z-001/PBL3 - Tentativa Led Porta/PBL3/Main.v Line: 31
Info (12128): Elaborating entity "Chamada" for hierarchy "Chamada:chamada" File: /home/aluno/Documentos/PBLSena/drive-download-20241211T191251Z-001/PBL3 - Tentativa Led Porta/PBL3/Main.v Line: 16
Info (12128): Elaborating entity "DivisorClock" for hierarchy "DivisorClock:divisor1s" File: /home/aluno/Documentos/PBLSena/drive-download-20241211T191251Z-001/PBL3 - Tentativa Led Porta/PBL3/Main.v Line: 19
Info (12128): Elaborating entity "DivisorClock1" for hierarchy "DivisorClock1:fazmux" File: /home/aluno/Documentos/PBLSena/drive-download-20241211T191251Z-001/PBL3 - Tentativa Led Porta/PBL3/Main.v Line: 21
Info (12128): Elaborating entity "Andar" for hierarchy "Andar:andar" File: /home/aluno/Documentos/PBLSena/drive-download-20241211T191251Z-001/PBL3 - Tentativa Led Porta/PBL3/Main.v Line: 25
Info (12128): Elaborating entity "Elevador" for hierarchy "Elevador:elevador" File: /home/aluno/Documentos/PBLSena/drive-download-20241211T191251Z-001/PBL3 - Tentativa Led Porta/PBL3/Main.v Line: 28
Info (12128): Elaborating entity "Porta" for hierarchy "Porta:porta" File: /home/aluno/Documentos/PBLSena/drive-download-20241211T191251Z-001/PBL3 - Tentativa Led Porta/PBL3/Main.v Line: 34
Info (12128): Elaborating entity "Pessoas" for hierarchy "Pessoas:pessoas" File: /home/aluno/Documentos/PBLSena/drive-download-20241211T191251Z-001/PBL3 - Tentativa Led Porta/PBL3/Main.v Line: 42
Info (12128): Elaborating entity "DecSeletor" for hierarchy "DecSeletor:selciona" File: /home/aluno/Documentos/PBLSena/drive-download-20241211T191251Z-001/PBL3 - Tentativa Led Porta/PBL3/Main.v Line: 44
Warning (10739): Verilog HDL warning at DecSeletor.v(5): actual bit length 32 differs from formal bit length 1 File: /home/aluno/Documentos/PBLSena/drive-download-20241211T191251Z-001/PBL3 - Tentativa Led Porta/PBL3/DecSeletor.v Line: 5
Warning (10739): Verilog HDL warning at DecSeletor.v(6): actual bit length 32 differs from formal bit length 1 File: /home/aluno/Documentos/PBLSena/drive-download-20241211T191251Z-001/PBL3 - Tentativa Led Porta/PBL3/DecSeletor.v Line: 6
Warning (10739): Verilog HDL warning at DecSeletor.v(7): actual bit length 32 differs from formal bit length 1 File: /home/aluno/Documentos/PBLSena/drive-download-20241211T191251Z-001/PBL3 - Tentativa Led Porta/PBL3/DecSeletor.v Line: 7
Info (12128): Elaborating entity "Multiplex_disp" for hierarchy "Multiplex_disp:multiplexe" File: /home/aluno/Documentos/PBLSena/drive-download-20241211T191251Z-001/PBL3 - Tentativa Led Porta/PBL3/Main.v Line: 46
Info (12128): Elaborating entity "DecNumAndares" for hierarchy "Multiplex_disp:multiplexe|DecNumAndares:andar" File: /home/aluno/Documentos/PBLSena/drive-download-20241211T191251Z-001/PBL3 - Tentativa Led Porta/PBL3/Multiplex_disp.v Line: 12
Warning (10739): Verilog HDL warning at DecNumAndares.v(13): actual bit length 32 differs from formal bit length 1 File: /home/aluno/Documentos/PBLSena/drive-download-20241211T191251Z-001/PBL3 - Tentativa Led Porta/PBL3/DecNumAndares.v Line: 13
Warning (10739): Verilog HDL warning at DecNumAndares.v(21): actual bit length 32 differs from formal bit length 1 File: /home/aluno/Documentos/PBLSena/drive-download-20241211T191251Z-001/PBL3 - Tentativa Led Porta/PBL3/DecNumAndares.v Line: 21
Warning (10739): Verilog HDL warning at DecNumAndares.v(25): actual bit length 32 differs from formal bit length 1 File: /home/aluno/Documentos/PBLSena/drive-download-20241211T191251Z-001/PBL3 - Tentativa Led Porta/PBL3/DecNumAndares.v Line: 25
Info (12128): Elaborating entity "DecNumPessoas" for hierarchy "Multiplex_disp:multiplexe|DecNumPessoas:pessoas" File: /home/aluno/Documentos/PBLSena/drive-download-20241211T191251Z-001/PBL3 - Tentativa Led Porta/PBL3/Multiplex_disp.v Line: 14
Warning (10739): Verilog HDL warning at DecNumPessoas.v(38): actual bit length 32 differs from formal bit length 1 File: /home/aluno/Documentos/PBLSena/drive-download-20241211T191251Z-001/PBL3 - Tentativa Led Porta/PBL3/DecNumPessoas.v Line: 38
Warning (12241): 1 hierarchies have connectivity warnings - see the Connectivity Checks report folder
Warning (13024): Output pins are stuck at VCC or GND
    Warning (13410): Pin "disp[7]" is stuck at VCC File: /home/aluno/Documentos/PBLSena/drive-download-20241211T191251Z-001/PBL3 - Tentativa Led Porta/PBL3/Main.v Line: 3
    Warning (13410): Pin "Y[1]" is stuck at VCC File: /home/aluno/Documentos/PBLSena/drive-download-20241211T191251Z-001/PBL3 - Tentativa Led Porta/PBL3/Main.v Line: 4
    Warning (13410): Pin "Y[2]" is stuck at VCC File: /home/aluno/Documentos/PBLSena/drive-download-20241211T191251Z-001/PBL3 - Tentativa Led Porta/PBL3/Main.v Line: 4
Info (17049): 5 registers lost all their fanouts during netlist optimizations.
Info (21057): Implemented 143 device resources after synthesis - the final resource count might be different
    Info (21058): Implemented 10 input pins
    Info (21059): Implemented 20 output pins
    Info (21061): Implemented 113 logic cells
Info: Quartus Prime Analysis & Synthesis was successful. 0 errors, 43 warnings
    Info: Peak virtual memory: 339 megabytes
    Info: Processing ended: Wed Dec 11 17:32:08 2024
    Info: Elapsed time: 00:00:06
    Info: Total CPU time (on all processors): 00:00:12


